  Light.cpp
  Main.cpp
  Mesh.cpp
  objloader.cpp
  Scene.cpp
f:\unity projektit\graphicsprogrammingcourse\opengl\opengl_1\specular\scene.cpp(53): warning C4018: '<': signed/unsigned mismatch
f:\unity projektit\graphicsprogrammingcourse\opengl\opengl_1\specular\scene.cpp(92): warning C4018: '<': signed/unsigned mismatch
  shader.cpp
  Transform.cpp
  Generating Code...
glfw3.lib(context.obj) : warning LNK4099: PDB 'glfw.pdb' was not found with 'glfw3.lib(context.obj)' or at 'F:\Unity projektit\GraphicsProgrammingCourse\OpenGL\OpenGl_1\Specular\Debug\glfw.pdb'; linking object as if no debug info
glfw3.lib(init.obj) : warning LNK4099: PDB 'glfw.pdb' was not found with 'glfw3.lib(init.obj)' or at 'F:\Unity projektit\GraphicsProgrammingCourse\OpenGL\OpenGl_1\Specular\Debug\glfw.pdb'; linking object as if no debug info
glfw3.lib(input.obj) : warning LNK4099: PDB 'glfw.pdb' was not found with 'glfw3.lib(input.obj)' or at 'F:\Unity projektit\GraphicsProgrammingCourse\OpenGL\OpenGl_1\Specular\Debug\glfw.pdb'; linking object as if no debug info
glfw3.lib(monitor.obj) : warning LNK4099: PDB 'glfw.pdb' was not found with 'glfw3.lib(monitor.obj)' or at 'F:\Unity projektit\GraphicsProgrammingCourse\OpenGL\OpenGl_1\Specular\Debug\glfw.pdb'; linking object as if no debug info
glfw3.lib(vulkan.obj) : warning LNK4099: PDB 'glfw.pdb' was not found with 'glfw3.lib(vulkan.obj)' or at 'F:\Unity projektit\GraphicsProgrammingCourse\OpenGL\OpenGl_1\Specular\Debug\glfw.pdb'; linking object as if no debug info
glfw3.lib(window.obj) : warning LNK4099: PDB 'glfw.pdb' was not found with 'glfw3.lib(window.obj)' or at 'F:\Unity projektit\GraphicsProgrammingCourse\OpenGL\OpenGl_1\Specular\Debug\glfw.pdb'; linking object as if no debug info
glfw3.lib(win32_init.obj) : warning LNK4099: PDB 'glfw.pdb' was not found with 'glfw3.lib(win32_init.obj)' or at 'F:\Unity projektit\GraphicsProgrammingCourse\OpenGL\OpenGl_1\Specular\Debug\glfw.pdb'; linking object as if no debug info
glfw3.lib(win32_joystick.obj) : warning LNK4099: PDB 'glfw.pdb' was not found with 'glfw3.lib(win32_joystick.obj)' or at 'F:\Unity projektit\GraphicsProgrammingCourse\OpenGL\OpenGl_1\Specular\Debug\glfw.pdb'; linking object as if no debug info
glfw3.lib(win32_monitor.obj) : warning LNK4099: PDB 'glfw.pdb' was not found with 'glfw3.lib(win32_monitor.obj)' or at 'F:\Unity projektit\GraphicsProgrammingCourse\OpenGL\OpenGl_1\Specular\Debug\glfw.pdb'; linking object as if no debug info
glfw3.lib(win32_time.obj) : warning LNK4099: PDB 'glfw.pdb' was not found with 'glfw3.lib(win32_time.obj)' or at 'F:\Unity projektit\GraphicsProgrammingCourse\OpenGL\OpenGl_1\Specular\Debug\glfw.pdb'; linking object as if no debug info
glfw3.lib(win32_tls.obj) : warning LNK4099: PDB 'glfw.pdb' was not found with 'glfw3.lib(win32_tls.obj)' or at 'F:\Unity projektit\GraphicsProgrammingCourse\OpenGL\OpenGl_1\Specular\Debug\glfw.pdb'; linking object as if no debug info
glfw3.lib(win32_window.obj) : warning LNK4099: PDB 'glfw.pdb' was not found with 'glfw3.lib(win32_window.obj)' or at 'F:\Unity projektit\GraphicsProgrammingCourse\OpenGL\OpenGl_1\Specular\Debug\glfw.pdb'; linking object as if no debug info
glfw3.lib(wgl_context.obj) : warning LNK4099: PDB 'glfw.pdb' was not found with 'glfw3.lib(wgl_context.obj)' or at 'F:\Unity projektit\GraphicsProgrammingCourse\OpenGL\OpenGl_1\Specular\Debug\glfw.pdb'; linking object as if no debug info
glfw3.lib(egl_context.obj) : warning LNK4099: PDB 'glfw.pdb' was not found with 'glfw3.lib(egl_context.obj)' or at 'F:\Unity projektit\GraphicsProgrammingCourse\OpenGL\OpenGl_1\Specular\Debug\glfw.pdb'; linking object as if no debug info
libglew32d.lib(glew.obj) : warning LNK4099: PDB 'glew_s.pdb' was not found with 'libglew32d.lib(glew.obj)' or at 'F:\Unity projektit\GraphicsProgrammingCourse\OpenGL\OpenGl_1\Specular\Debug\glew_s.pdb'; linking object as if no debug info
  Specular.vcxproj -> F:\Unity projektit\GraphicsProgrammingCourse\OpenGL\OpenGl_1\Specular\Debug\Specular.exe
